[36mvite v5.4.21 [32mbuilding for production...[36m[39m
transforming...
[32mΓ£ô[39m 248 modules transformed.
node.exe : [31mx[39m Build 
failed in 3.19s
At C:\Program 
Files\nodejs\npx.ps1:29 
char:3
+   & $NODE_EXE $NPX_CLI_JS 
$args
+   
~~~~~~~~~~~~~~~~~~~~~~~~~~~~~
    + CategoryInfo           
   : NotSpecified: ([31mx  
  [39m Build failed in 3.1   
 9s:String) [], RemoteExc    
eption
    + FullyQualifiedErrorId  
   : NativeCommandError
 
[31merror during build:
[31m[vite]: Rollup failed 
to resolve import "react-is" 
from "D:/Ganesh_bake/frontend
/node_modules/recharts/es6/ut
il/ReactUtils.js".
This is most likely 
unintended because it can 
break your application at 
runtime.
If you do want to 
externalize this module 
explicitly add it to
`build.rollupOptions.external
`[31m
    at viteWarn (file:///D:/G
anesh_bake/frontend/node_modu
les/vite/dist/node/chunks/dep
-BK3b2jBa.js:65855:17)
    at onwarn (file:///D:/Gan
esh_bake/frontend/node_module
s/@vitejs/plugin-react/dist/i
ndex.js:90:7)
    at onRollupWarning (file:
///D:/Ganesh_bake/frontend/no
de_modules/vite/dist/node/chu
nks/dep-BK3b2jBa.js:65885:5)
    at onwarn (file:///D:/Gan
esh_bake/frontend/node_module
s/vite/dist/node/chunks/dep-B
K3b2jBa.js:65550:7)
    at file:///D:/Ganesh_bake
/frontend/node_modules/rollup
/dist/es/shared/node-entry.js
:21051:13
    at Object.logger [as 
onLog] (file:///D:/Ganesh_bak
e/frontend/node_modules/rollu
p/dist/es/shared/node-entry.j
s:22924:9)
    at ModuleLoader.handleInv
alidResolvedId (file:///D:/Ga
nesh_bake/frontend/node_modul
es/rollup/dist/es/shared/node
-entry.js:21668:26)
    at file:///D:/Ganesh_bake
/frontend/node_modules/rollup
/dist/es/shared/node-entry.js
:21626:26[39m
